{"F:\\MS\\Summer15\\koluguri_patil\\assign1\\src\\weatherapp.js":{"path":"F:\\MS\\Summer15\\koluguri_patil\\assign1\\src\\weatherapp.js","s":{"1":1,"2":1,"3":1,"4":5,"5":5,"6":4,"7":4,"8":4,"9":4,"10":40,"11":4,"12":4,"13":1,"14":1,"15":4,"16":5,"17":0,"18":5,"19":5,"20":1,"21":1,"22":0,"23":1,"24":0,"25":1,"26":4,"27":2,"28":2,"29":1,"30":4,"31":4,"32":4,"33":4,"34":4,"35":4,"36":4,"37":4,"38":4,"39":1,"40":4,"41":4,"42":4,"43":2,"44":2,"45":4,"46":1,"47":2,"48":1,"49":1,"50":1,"51":3,"52":3,"53":3,"54":1,"55":3,"56":1,"57":2},"b":{"1":[4,36],"2":[0,5],"3":[5,5],"4":[1,4],"5":[0,1],"6":[0,1],"7":[2,2],"8":[2,2],"9":[1,2]},"f":{"1":5,"2":4,"3":5,"4":4,"5":4,"6":4,"7":4,"8":4,"9":4,"10":2,"11":1,"12":3,"13":3},"fnMap":{"1":{"name":"(anonymous_1)","line":4,"loc":{"start":{"line":4,"column":28},"end":{"line":4,"column":42}}},"2":{"name":"(anonymous_2)","line":21,"loc":{"start":{"line":21,"column":22},"end":{"line":21,"column":39}}},"3":{"name":"(anonymous_3)","line":22,"loc":{"start":{"line":22,"column":20},"end":{"line":22,"column":34}}},"4":{"name":"(anonymous_4)","line":44,"loc":{"start":{"line":44,"column":28},"end":{"line":44,"column":54}}},"5":{"name":"(anonymous_5)","line":47,"loc":{"start":{"line":47,"column":23},"end":{"line":47,"column":42}}},"6":{"name":"(anonymous_6)","line":48,"loc":{"start":{"line":48,"column":17},"end":{"line":48,"column":40}}},"7":{"name":"(anonymous_7)","line":51,"loc":{"start":{"line":51,"column":17},"end":{"line":51,"column":28}}},"8":{"name":"(anonymous_8)","line":62,"loc":{"start":{"line":62,"column":19},"end":{"line":62,"column":64}}},"9":{"name":"(anonymous_9)","line":65,"loc":{"start":{"line":65,"column":22},"end":{"line":65,"column":43}}},"10":{"name":"(anonymous_10)","line":75,"loc":{"start":{"line":75,"column":28},"end":{"line":75,"column":92}}},"11":{"name":"(anonymous_11)","line":77,"loc":{"start":{"line":77,"column":23},"end":{"line":77,"column":38}}},"12":{"name":"(anonymous_12)","line":80,"loc":{"start":{"line":80,"column":27},"end":{"line":80,"column":43}}},"13":{"name":"(anonymous_13)","line":81,"loc":{"start":{"line":81,"column":31},"end":{"line":81,"column":46}}}},"statementMap":{"1":{"start":{"line":1,"column":0},"end":{"line":1,"column":27}},"2":{"start":{"line":2,"column":0},"end":{"line":2,"column":48}},"3":{"start":{"line":4,"column":0},"end":{"line":19,"column":1}},"4":{"start":{"line":5,"column":1},"end":{"line":18,"column":2}},"5":{"start":{"line":6,"column":2},"end":{"line":6,"column":34}},"6":{"start":{"line":7,"column":2},"end":{"line":7,"column":42}},"7":{"start":{"line":8,"column":2},"end":{"line":8,"column":60}},"8":{"start":{"line":9,"column":2},"end":{"line":9,"column":22}},"9":{"start":{"line":10,"column":2},"end":{"line":14,"column":3}},"10":{"start":{"line":11,"column":3},"end":{"line":13,"column":4}},"11":{"start":{"line":12,"column":4},"end":{"line":12,"column":77}},"12":{"start":{"line":15,"column":2},"end":{"line":15,"column":71}},"13":{"start":{"line":17,"column":2},"end":{"line":17,"column":12}},"14":{"start":{"line":21,"column":0},"end":{"line":42,"column":1}},"15":{"start":{"line":22,"column":1},"end":{"line":41,"column":5}},"16":{"start":{"line":23,"column":2},"end":{"line":25,"column":3}},"17":{"start":{"line":24,"column":3},"end":{"line":24,"column":12}},"18":{"start":{"line":26,"column":2},"end":{"line":26,"column":61}},"19":{"start":{"line":27,"column":3},"end":{"line":40,"column":4}},"20":{"start":{"line":28,"column":4},"end":{"line":28,"column":65}},"21":{"start":{"line":30,"column":4},"end":{"line":31,"column":14}},"22":{"start":{"line":31,"column":5},"end":{"line":31,"column":14}},"23":{"start":{"line":32,"column":4},"end":{"line":33,"column":13}},"24":{"start":{"line":33,"column":5},"end":{"line":33,"column":13}},"25":{"start":{"line":34,"column":4},"end":{"line":34,"column":13}},"26":{"start":{"line":36,"column":4},"end":{"line":39,"column":13}},"27":{"start":{"line":37,"column":5},"end":{"line":37,"column":14}},"28":{"start":{"line":39,"column":5},"end":{"line":39,"column":13}},"29":{"start":{"line":44,"column":0},"end":{"line":60,"column":1}},"30":{"start":{"line":45,"column":1},"end":{"line":45,"column":15}},"31":{"start":{"line":47,"column":1},"end":{"line":57,"column":2}},"32":{"start":{"line":48,"column":2},"end":{"line":50,"column":3}},"33":{"start":{"line":49,"column":3},"end":{"line":49,"column":24}},"34":{"start":{"line":51,"column":2},"end":{"line":53,"column":3}},"35":{"start":{"line":52,"column":3},"end":{"line":52,"column":36}},"36":{"start":{"line":55,"column":2},"end":{"line":55,"column":32}},"37":{"start":{"line":56,"column":2},"end":{"line":56,"column":31}},"38":{"start":{"line":59,"column":1},"end":{"line":59,"column":82}},"39":{"start":{"line":62,"column":0},"end":{"line":73,"column":1}},"40":{"start":{"line":63,"column":1},"end":{"line":63,"column":24}},"41":{"start":{"line":65,"column":1},"end":{"line":70,"column":2}},"42":{"start":{"line":66,"column":3},"end":{"line":69,"column":23}},"43":{"start":{"line":67,"column":4},"end":{"line":67,"column":23}},"44":{"start":{"line":69,"column":4},"end":{"line":69,"column":23}},"45":{"start":{"line":72,"column":1},"end":{"line":72,"column":47}},"46":{"start":{"line":75,"column":0},"end":{"line":95,"column":1}},"47":{"start":{"line":77,"column":1},"end":{"line":92,"column":2}},"48":{"start":{"line":78,"column":2},"end":{"line":78,"column":34}},"49":{"start":{"line":79,"column":2},"end":{"line":79,"column":19}},"50":{"start":{"line":80,"column":2},"end":{"line":89,"column":3}},"51":{"start":{"line":81,"column":3},"end":{"line":86,"column":4}},"52":{"start":{"line":82,"column":4},"end":{"line":82,"column":50}},"53":{"start":{"line":83,"column":4},"end":{"line":85,"column":5}},"54":{"start":{"line":84,"column":5},"end":{"line":84,"column":57}},"55":{"start":{"line":88,"column":3},"end":{"line":88,"column":58}},"56":{"start":{"line":91,"column":2},"end":{"line":91,"column":37}},"57":{"start":{"line":94,"column":1},"end":{"line":94,"column":67}}},"branchMap":{"1":{"line":11,"type":"if","locations":[{"start":{"line":11,"column":3},"end":{"line":11,"column":3}},{"start":{"line":11,"column":3},"end":{"line":11,"column":3}}]},"2":{"line":23,"type":"if","locations":[{"start":{"line":23,"column":2},"end":{"line":23,"column":2}},{"start":{"line":23,"column":2},"end":{"line":23,"column":2}}]},"3":{"line":23,"type":"binary-expr","locations":[{"start":{"line":23,"column":5},"end":{"line":23,"column":18}},{"start":{"line":23,"column":22},"end":{"line":23,"column":35}}]},"4":{"line":27,"type":"if","locations":[{"start":{"line":27,"column":3},"end":{"line":27,"column":3}},{"start":{"line":27,"column":3},"end":{"line":27,"column":3}}]},"5":{"line":30,"type":"if","locations":[{"start":{"line":30,"column":4},"end":{"line":30,"column":4}},{"start":{"line":30,"column":4},"end":{"line":30,"column":4}}]},"6":{"line":32,"type":"if","locations":[{"start":{"line":32,"column":4},"end":{"line":32,"column":4}},{"start":{"line":32,"column":4},"end":{"line":32,"column":4}}]},"7":{"line":36,"type":"if","locations":[{"start":{"line":36,"column":4},"end":{"line":36,"column":4}},{"start":{"line":36,"column":4},"end":{"line":36,"column":4}}]},"8":{"line":66,"type":"if","locations":[{"start":{"line":66,"column":3},"end":{"line":66,"column":3}},{"start":{"line":66,"column":3},"end":{"line":66,"column":3}}]},"9":{"line":83,"type":"if","locations":[{"start":{"line":83,"column":4},"end":{"line":83,"column":4}},{"start":{"line":83,"column":4},"end":{"line":83,"column":4}}]}}}}