TN:
SF:F:\MS\Summer15\koluguri_patil\assign1\src\weatherapp.js
FN:4,(anonymous_1)
FN:21,(anonymous_2)
FN:22,(anonymous_3)
FN:44,(anonymous_4)
FN:47,(anonymous_5)
FN:48,(anonymous_6)
FN:51,(anonymous_7)
FN:62,(anonymous_8)
FN:65,(anonymous_9)
FN:75,(anonymous_10)
FN:77,(anonymous_11)
FN:80,(anonymous_12)
FN:81,(anonymous_13)
FNF:13
FNH:13
FNDA:5,(anonymous_1)
FNDA:4,(anonymous_2)
FNDA:5,(anonymous_3)
FNDA:4,(anonymous_4)
FNDA:4,(anonymous_5)
FNDA:4,(anonymous_6)
FNDA:4,(anonymous_7)
FNDA:4,(anonymous_8)
FNDA:4,(anonymous_9)
FNDA:2,(anonymous_10)
FNDA:1,(anonymous_11)
FNDA:3,(anonymous_12)
FNDA:3,(anonymous_13)
DA:1,1
DA:2,1
DA:4,1
DA:5,5
DA:6,5
DA:7,4
DA:8,4
DA:9,4
DA:10,4
DA:11,40
DA:12,4
DA:15,4
DA:17,1
DA:21,1
DA:22,4
DA:23,5
DA:24,0
DA:26,5
DA:27,5
DA:28,1
DA:30,1
DA:31,0
DA:32,1
DA:33,0
DA:34,1
DA:36,4
DA:37,2
DA:39,2
DA:44,1
DA:45,4
DA:47,4
DA:48,4
DA:49,4
DA:51,4
DA:52,4
DA:55,4
DA:56,4
DA:59,4
DA:62,1
DA:63,4
DA:65,4
DA:66,4
DA:67,2
DA:69,2
DA:72,4
DA:75,1
DA:77,2
DA:78,1
DA:79,1
DA:80,1
DA:81,3
DA:82,3
DA:83,3
DA:84,1
DA:88,3
DA:91,1
DA:94,2
LF:57
LH:54
BRDA:11,1,0,4
BRDA:11,1,1,36
BRDA:23,2,0,0
BRDA:23,2,1,5
BRDA:23,3,0,5
BRDA:23,3,1,5
BRDA:27,4,0,1
BRDA:27,4,1,4
BRDA:30,5,0,0
BRDA:30,5,1,1
BRDA:32,6,0,0
BRDA:32,6,1,1
BRDA:36,7,0,2
BRDA:36,7,1,2
BRDA:66,8,0,2
BRDA:66,8,1,2
BRDA:83,9,0,1
BRDA:83,9,1,2
BRF:18
BRH:15
end_of_record
